{"level":"info","message":"Successful registration: mykhailove.olena@gmail.com, IP: ::1"}
{"level":"info","message":"Failed login attempt: User not found - mykhailova.olena@gmail.com, IP: ::1"}
{"level":"info","message":"Failed login attempt: User not found - mykhailova.olena@gmail.com, IP: ::1"}
{"level":"info","message":"Successful registration: yeal.rodgers@gmail.com, IP: ::1"}
{"level":"info","message":"Successful login: yeal.rodgers@gmail.com, IP: ::1"}
{"level":"info","message":"Successful login: christian.yu@gmail.com, IP: ::1"}
{"level":"info","message":"Successful login: christian.yu@gmail.com, IP: ::1"}
{"level":"info","message":"Successful login: prokopishena.anastasia@gmail.com, IP: ::1"}
{"level":"info","message":"Failed login attempt: Invalid credentials - christian.yu@gmail.com, IP: ::1"}
{"level":"info","message":"Successful login: christian.yu@gmail.com, IP: ::1"}
{"level":"info","message":"Failed login attempt: User not found - smith.billie@gmail.com, IP: ::1"}
{"level":"info","message":"Failed login attempt: User not found - smith.billie@gmail.com, IP: ::1"}
{"level":"info","message":"Failed login attempt: User not found - smith.billie@gmail.com, IP: ::1"}
{"level":"info","message":"Failed login attempt: User not found - smith.billie@gmail.com, IP: ::1"}
{"level":"info","message":"Successful login: prokopishena.anastasia@gmail.com, IP: ::1"}
{"level":"info","message":"Successful login: prokopishena.anastasia@gmail.com, IP: ::1"}
{"level":"info","message":"Successful registration: mykhailova.olena@gmail.com, IP: ::1"}
{"level":"info","message":"Successful login: mykhailova.olena@gmail.com, IP: ::1"}
{"level":"info","message":"Successful login: christian.yu@gmail.com, IP: ::1"}
{"level":"info","message":"Successful login: prokopishena.anastasia@gmail.com, IP: ::1"}
{"level":"info","message":"Successful login: cleven.gale@gmail.com, IP: ::1"}
{"level":"info","message":"Successful login: cleven.gale@gmail.com, IP: ::1"}
{"level":"info","message":"Successful login: cleven.gale@gmail.com, IP: ::1"}
{"level":"info","message":"Successful login: cleven.gale@gmail.com, IP: ::1"}
{"level":"info","message":"Successful login: cleven.gale@gmail.com, IP: ::1"}
{"level":"info","message":"Successful login: cleven.gale@gmail.com, IP: ::1"}
{"level":"info","message":"Successful login: prokopishena.anastasia@gmail.com, IP: ::1"}
{"level":"info","message":"Successful login: prokopishena.anastasia@gmail.com, IP: ::1"}
{"level":"info","message":"Successful registration: huh.jenniefer@gmail.com, IP: ::1"}
{"level":"info","message":"Successful login: huh.jenniefer@gmail.com, IP: ::1"}
{"level":"info","message":"Successful login: huh.jenniefer@gmail.com, IP: ::1"}
{"level":"info","message":"Successful login: kirillstecko37@gmail.com, IP: ::1"}
{"level":"info","message":"Successful login: kirillstecko37@gmail.com, IP: ::1"}
{"level":"info","message":"Successful login: christian.yu@gmail.com, IP: ::1"}
{"level":"info","message":"Successful login: christian.yu@gmail.com, IP: ::1"}
{"level":"info","message":"Successful login: christian.yu@gmail.com, IP: ::1"}
{"level":"info","message":"Successful login: prokopishena.anastasia@gmail.com, IP: ::1"}
{"level":"info","message":"Failed login attempt: Invalid credentials - prokopishena.anastasia@gmail.com, IP: ::1"}
{"level":"info","message":"Failed login attempt: Invalid credentials - prokopishena.anastasia@gmail.com, IP: ::1"}
{"level":"info","message":"Successful login: prokopishena.anastasia@gmail.com, IP: ::1"}
{"level":"info","message":"Successful registration: lee.felixx@gmail.com, IP: ::1"}
{"level":"info","message":"Successful registration: kim.jennie@gmail.com, IP: ::1"}
{"level":"info","message":"Successful registration: lawrennce.jennifer@gmail.com, IP: ::1"}
{"level":"info","message":"Successful registration: jennifer.annistonn@gmail.com, IP: ::1"}
{"level":"info","message":"Successful login: kim.jennie@gmail.com, IP: ::1"}
{"level":"info","message":"Successful login: christian.yu@gmail.com, IP: ::1"}
{"level":"info","message":"Successful login: kim.jennie@gmail.com, IP: ::1"}
{"level":"info","message":"Failed login attempt: Invalid credentials - prokopishena.anastasia@gmail.com, IP: ::1"}
{"level":"info","message":"Failed login attempt: Invalid credentials - prokopishena.anastasia@gmail.com, IP: ::1"}
{"level":"info","message":"Successful login: prokopishena.anastasia@gmail.com, IP: ::1"}
{"level":"info","message":"Successful login: prokopishena.anastasia@gmail.com, IP: ::1"}
{"level":"info","message":"Successful login: prokopishena.anastasia@gmail.com, IP: ::1"}
{"level":"info","message":"Failed login attempt: Invalid credentials - christian.yu@gmail.com, IP: ::1"}
{"level":"info","message":"Successful login: christian.yu@gmail.com, IP: ::1"}
{"level":"info","message":"Successful login: christian.yu@gmail.com, IP: ::1"}
{"level":"info","message":"Successful login: christian.yu@gmail.com, IP: ::1"}
{"level":"info","message":"Failed login attempt: Invalid credentials - christian.yu@gmail.com, IP: ::1"}
{"level":"info","message":"Successful login: christian.yu@gmail.com, IP: ::1"}
{"level":"info","message":"Successful login: christian.yu@gmail.com, IP: ::1"}
{"level":"info","message":"Successful login: christian.yu@gmail.com, IP: ::1"}
{"level":"info","message":"Failed login attempt: Invalid credentials - kim.jennie@gmail.com, IP: ::1"}
{"level":"info","message":"Failed login attempt: Invalid credentials - kim.jennie@gmail.com, IP: ::1"}
{"level":"info","message":"Successful login: kim.jennie@gmail.com, IP: ::1"}
{"level":"info","message":"Failed login attempt: User not found - prokopishena.anastasia@gmail.com, IP: ::1"}
{"level":"info","message":"Failed login attempt: User not found - prokopishena.anastasia@gmail.com, IP: ::1"}
{"level":"info","message":"Failed login attempt: User not found - prokopishena.anastasia@gmail.com, IP: ::1"}
{"level":"info","message":"Successful login: kim.jennie@gmail.com, IP: ::1"}
{"level":"info","message":"Successful login: kim.jennie@gmail.com, IP: ::1"}
{"level":"info","message":"Failed login attempt: Invalid credentials - huh.jenniefer@gmail.com, IP: ::1"}
{"level":"info","message":"Failed login attempt: Invalid credentials - huh.jenniefer@gmail.com, IP: ::1"}
{"level":"info","message":"Failed login attempt: Invalid credentials - huh.jenniefer@gmail.com, IP: ::1"}
{"level":"info","message":"Failed login attempt: Invalid credentials - jennifer.annistonn@gmail.com, IP: ::1"}
{"level":"info","message":"Failed login attempt: Invalid credentials - jennifer.annistonn@gmail.com, IP: ::1"}
{"level":"info","message":"Successful login: jennifer.annistonn@gmail.com, IP: ::1"}
{"level":"info","message":"Successful login: jennifer.annistonn@gmail.com, IP: ::1"}
{"level":"info","message":"Successful registration: jane.brown.admin@gmail.com, IP: ::1"}
{"level":"info","message":"Successful registration: test.user@gmail.com, IP: ::1"}
{"level":"info","message":"Failed registration attempt: Email already exists - test.user@gmail.com, IP: ::1"}
{"level":"info","message":"Successful registration: test.user2@gmail.com, IP: ::1"}
{"level":"info","message":"Failed registration attempt: Email already exists - test.user2@gmail.com, IP: ::1"}
{"level":"info","message":"Successful registration: prokopishena.anastasia@gmail.com, IP: ::1"}
{"level":"info","message":"Successful registration: prokopishena.anastasia@gmail.com, IP: ::1"}
{"level":"info","message":"Failed registration attempt: Email already exists - prokopishena.anastasia@gmail.com, IP: ::1"}
{"level":"info","message":"Failed registration attempt: Email already exists - prokopishena.anastasia@gmail.com, IP: ::1"}
{"level":"info","message":"Failed registration attempt: Email already exists - prokopishena.anastasia@gmail.com, IP: ::1"}
{"level":"info","message":"Failed registration attempt: Email already exists - prokopishena.anastasia@gmail.com, IP: ::1"}
{"level":"info","message":"Failed registration attempt: Email already exists - prokopishena.anastasia@gmail.com, IP: ::1"}
{"level":"info","message":"Failed registration attempt: Email already exists - prokopishena.anastasia@gmail.com, IP: ::1"}
{"level":"info","message":"Failed registration attempt: Email already exists - prokopishena.anastasia@gmail.com, IP: ::1"}
{"level":"info","message":"Failed registration attempt: Email already exists - prokopishena.anastasia@gmail.com, IP: ::1"}
{"level":"info","message":"Successful registration: prokopishena.anastasia@gmail.com, IP: ::1"}
{"level":"info","message":"Failed registration attempt: Email already exists - prokopishena.anastasia@gmail.com, IP: ::1"}
{"level":"info","message":"Successful registration: prokopishena.anastasia@gmail.com, IP: ::1"}
{"level":"info","message":"Failed registration attempt: Email already exists - test.user@gmail.com, IP: ::1"}
{"level":"info","message":"Failed registration attempt: Email already exists - test.user@gmail.com, IP: ::1"}
{"level":"info","message":"Failed registration attempt: Email already exists - test.user@gmail.com, IP: ::1"}
{"level":"info","message":"Failed registration attempt: Email already exists - test.user@gmail.com, IP: ::1"}
{"level":"info","message":"Failed registration attempt: Email already exists - test.user@gmail.com, IP: ::1"}
{"level":"info","message":"Failed registration attempt: Email already exists - test.user@gmail.com, IP: ::1"}
{"level":"info","message":"Successful registration: test1.user@gmail.com, IP: ::1"}
{"level":"info","message":"Successful registration: test.user3@gmail.com, IP: ::1"}
{"level":"info","message":"Failed registration attempt: Email already exists - test.user3@gmail.com, IP: ::1"}
{"level":"info","message":"Successful registration: test.user3@gmail.com, IP: ::1"}
{"level":"info","message":"Successful registration: test.user3@gmail.com, IP: ::1"}
{"level":"info","message":"Failed registration attempt: Email already exists - test.user3@gmail.com, IP: ::1"}
{"level":"info","message":"Failed registration attempt: Email already exists - test.user3@gmail.com, IP: ::1"}
{"level":"info","message":"Failed registration attempt: Email already exists - test.user@gmail.com, IP: ::1"}
{"level":"info","message":"Failed registration attempt: Email already exists - test.user@gmail.com, IP: ::1"}
{"level":"info","message":"Successful registration: test.user4@gmail.com, IP: ::1"}
{"level":"info","message":"Successful registration: test.user5@gmail.com, IP: ::1"}
{"level":"info","message":"Successful registration: shvalinska.julia@gmail.com, IP: ::1"}
{"level":"info","message":"Failed registration attempt: Email already exists - shvalinska.julia@gmail.com, IP: ::1"}
{"level":"info","message":"Failed registration attempt: Email already exists - shvalinska.julia@gmail.com, IP: ::1"}
{"level":"info","message":"Successful registration: mykhailova.julia@gmail.com, IP: ::1"}
{"level":"info","message":"Failed registration attempt: Email already exists - mykhailova.julia@gmail.com, IP: ::1"}
{"level":"info","message":"Successful registration: christian.brown@gmail.com, IP: ::1"}
{"level":"info","message":"Successful registration: test.user6@gmail.com, IP: ::1"}
{"level":"info","message":"Successful registration: test.user7@gmail.com, IP: ::1"}
